#  Timestep    No_Moles    No_Specs  O1296Si648
          5           1           1           1
#  Timestep    No_Moles    No_Specs  O1296Si648
         10           1           1           1
#  Timestep    No_Moles    No_Specs  O1296Si648
         15           1           1           1
#  Timestep    No_Moles    No_Specs  O1296Si648
         20           1           1           1
#  Timestep    No_Moles    No_Specs  O1296Si648
         25           1           1           1
#  Timestep    No_Moles    No_Specs  O1296Si648
         30           1           1           1
#  Timestep    No_Moles    No_Specs  O1296Si648
         35           1           1           1
#  Timestep    No_Moles    No_Specs  O1296Si648
         40           1           1           1
#  Timestep    No_Moles    No_Specs  O1296Si648
         45           1           1           1
#  Timestep    No_Moles    No_Specs  O1296Si648
         50           1           1           1
#  Timestep    No_Moles    No_Specs  O1296Si648
         55           1           1           1
#  Timestep    No_Moles    No_Specs  O1296Si648
         60           1           1           1
#  Timestep    No_Moles    No_Specs  O1296Si648
         65           1           1           1
#  Timestep    No_Moles    No_Specs  O1296Si648
         70           1           1           1
#  Timestep    No_Moles    No_Specs  O1296Si648
         75           1           1           1
#  Timestep    No_Moles    No_Specs  O1296Si648
         80           1           1           1
#  Timestep    No_Moles    No_Specs  O1296Si648
         85           1           1           1
#  Timestep    No_Moles    No_Specs  O1296Si648
         90           1           1           1
#  Timestep    No_Moles    No_Specs  O1296Si648
         95           1           1           1
#  Timestep    No_Moles    No_Specs  O1296Si648
        100           1           1           1
#  Timestep    No_Moles    No_Specs  O1296Si648
        105           1           1           1
#  Timestep    No_Moles    No_Specs  O1296Si648
        110           1           1           1
#  Timestep    No_Moles    No_Specs  O1296Si648
        115           1           1           1
#  Timestep    No_Moles    No_Specs  O1296Si648
        120           1           1           1
#  Timestep    No_Moles    No_Specs  O1296Si648
        125           1           1           1
#  Timestep    No_Moles    No_Specs  O1296Si648
        130           1           1           1
#  Timestep    No_Moles    No_Specs  O1296Si648
        135           1           1           1
#  Timestep    No_Moles    No_Specs  O1296Si648
        140           1           1           1
#  Timestep    No_Moles    No_Specs  O1296Si648
        145           1           1           1
#  Timestep    No_Moles    No_Specs  O1296Si648
        150           1           1           1
#  Timestep    No_Moles    No_Specs  O1296Si648
        155           1           1           1
#  Timestep    No_Moles    No_Specs  O1296Si648
        160           1           1           1
#  Timestep    No_Moles    No_Specs  O1296Si648
        165           1           1           1
#  Timestep    No_Moles    No_Specs  O1296Si648
        170           1           1           1
#  Timestep    No_Moles    No_Specs  O1296Si648
        175           1           1           1
#  Timestep    No_Moles    No_Specs  O1296Si648
        180           1           1           1
#  Timestep    No_Moles    No_Specs  O1296Si648
        185           1           1           1
#  Timestep    No_Moles    No_Specs  O1296Si648
        190           1           1           1
#  Timestep    No_Moles    No_Specs  O1296Si648
        195           1           1           1
#  Timestep    No_Moles    No_Specs  O1296Si648
        200           1           1           1
#  Timestep    No_Moles    No_Specs  O1296Si648
        205           1           1           1
#  Timestep    No_Moles    No_Specs  O1296Si648
        210           1           1           1
#  Timestep    No_Moles    No_Specs  O1296Si648
        215           1           1           1
#  Timestep    No_Moles    No_Specs  O1296Si648
        220           1           1           1
#  Timestep    No_Moles    No_Specs  O1296Si648
        225           1           1           1
#  Timestep    No_Moles    No_Specs  O1296Si648
        230           1           1           1
#  Timestep    No_Moles    No_Specs  O1296Si648
        235           1           1           1
#  Timestep    No_Moles    No_Specs  O1296Si648
        240           1           1           1
#  Timestep    No_Moles    No_Specs  O1296Si648
        245           1           1           1
#  Timestep    No_Moles    No_Specs  O1296Si648
        250           1           1           1
#  Timestep    No_Moles    No_Specs  O1296Si648
        255           1           1           1
#  Timestep    No_Moles    No_Specs  O1296Si648
        260           1           1           1
#  Timestep    No_Moles    No_Specs  O1296Si648
        265           1           1           1
#  Timestep    No_Moles    No_Specs  O1296Si648
        270           1           1           1
#  Timestep    No_Moles    No_Specs  O1296Si648
        275           1           1           1
#  Timestep    No_Moles    No_Specs  O1296Si648
        280           1           1           1
#  Timestep    No_Moles    No_Specs  O1296Si648
        285           1           1           1
#  Timestep    No_Moles    No_Specs  O1296Si648
        290           1           1           1
#  Timestep    No_Moles    No_Specs  O1296Si648
        295           1           1           1
#  Timestep    No_Moles    No_Specs  O1296Si648
        300           1           1           1
#  Timestep    No_Moles    No_Specs  O1296Si648
        305           1           1           1
#  Timestep    No_Moles    No_Specs  O1296Si648
        310           1           1           1
#  Timestep    No_Moles    No_Specs  O1296Si648
        315           1           1           1
#  Timestep    No_Moles    No_Specs  O1296Si648
        320           1           1           1
#  Timestep    No_Moles    No_Specs  O1296Si648
        325           1           1           1
#  Timestep    No_Moles    No_Specs  O1296Si648
        330           1           1           1
#  Timestep    No_Moles    No_Specs  O1296Si648
        335           1           1           1
#  Timestep    No_Moles    No_Specs  O1296Si648
        340           1           1           1
#  Timestep    No_Moles    No_Specs  O1296Si648
        345           1           1           1
#  Timestep    No_Moles    No_Specs  O1296Si648
        350           1           1           1
#  Timestep    No_Moles    No_Specs  O1296Si648
        355           1           1           1
#  Timestep    No_Moles    No_Specs  O1296Si648
        360           1           1           1
#  Timestep    No_Moles    No_Specs  O1296Si648
        365           1           1           1
#  Timestep    No_Moles    No_Specs  O1296Si648
        370           1           1           1
#  Timestep    No_Moles    No_Specs  O1296Si648
        375           1           1           1
#  Timestep    No_Moles    No_Specs  O1296Si648
        380           1           1           1
#  Timestep    No_Moles    No_Specs  O1296Si648
        385           1           1           1
#  Timestep    No_Moles    No_Specs  O1296Si648
        390           1           1           1
#  Timestep    No_Moles    No_Specs  O1296Si648
        395           1           1           1
#  Timestep    No_Moles    No_Specs  O1296Si648
        400           1           1           1
#  Timestep    No_Moles    No_Specs  O1296Si648
        405           1           1           1
#  Timestep    No_Moles    No_Specs  O1296Si648
        410           1           1           1
#  Timestep    No_Moles    No_Specs  O1296Si648
        415           1           1           1
#  Timestep    No_Moles    No_Specs  O1296Si648
        420           1           1           1
#  Timestep    No_Moles    No_Specs  O1296Si648
        425           1           1           1
#  Timestep    No_Moles    No_Specs  O1296Si648
        430           1           1           1
#  Timestep    No_Moles    No_Specs  O1296Si648
        435           1           1           1
#  Timestep    No_Moles    No_Specs  O1296Si648
        440           1           1           1
#  Timestep    No_Moles    No_Specs  O1296Si648
        445           1           1           1
#  Timestep    No_Moles    No_Specs  O1296Si648
        450           1           1           1
#  Timestep    No_Moles    No_Specs  O1296Si648
        455           1           1           1
#  Timestep    No_Moles    No_Specs  O1296Si648
        460           1           1           1
#  Timestep    No_Moles    No_Specs  O1296Si648
        465           1           1           1
#  Timestep    No_Moles    No_Specs  O1296Si648
        470           1           1           1
#  Timestep    No_Moles    No_Specs  O1296Si648
        475           1           1           1
#  Timestep    No_Moles    No_Specs  O1296Si648
        480           1           1           1
#  Timestep    No_Moles    No_Specs  O1296Si648
        485           1           1           1
#  Timestep    No_Moles    No_Specs  O1296Si648
        490           1           1           1
#  Timestep    No_Moles    No_Specs  O1296Si648
        495           1           1           1
#  Timestep    No_Moles    No_Specs  O1296Si648
        500           1           1           1
#  Timestep    No_Moles    No_Specs  O1296Si648
        505           1           1           1
#  Timestep    No_Moles    No_Specs  O1296Si648
        510           1           1           1
#  Timestep    No_Moles    No_Specs  O1296Si648
        515           1           1           1
#  Timestep    No_Moles    No_Specs  O1296Si648
        520           1           1           1
#  Timestep    No_Moles    No_Specs  O1296Si648
        525           1           1           1
#  Timestep    No_Moles    No_Specs  O1296Si648
        530           1           1           1
#  Timestep    No_Moles    No_Specs  O1296Si648
        535           1           1           1
#  Timestep    No_Moles    No_Specs  O1296Si648
        540           1           1           1
#  Timestep    No_Moles    No_Specs  O1296Si648
        545           1           1           1
#  Timestep    No_Moles    No_Specs  O1296Si648
        550           1           1           1
#  Timestep    No_Moles    No_Specs  O1296Si648
        555           1           1           1
#  Timestep    No_Moles    No_Specs  O1296Si648
        560           1           1           1
#  Timestep    No_Moles    No_Specs  O1296Si648
        565           1           1           1
#  Timestep    No_Moles    No_Specs  O1296Si648
        570           1           1           1
#  Timestep    No_Moles    No_Specs  O1296Si648
        575           1           1           1
#  Timestep    No_Moles    No_Specs  O1296Si648
        580           1           1           1
#  Timestep    No_Moles    No_Specs  O1296Si648
        585           1           1           1
#  Timestep    No_Moles    No_Specs  O1296Si648
        590           1           1           1
#  Timestep    No_Moles    No_Specs  O1296Si648
        595           1           1           1
#  Timestep    No_Moles    No_Specs  O1296Si648
        600           1           1           1
#  Timestep    No_Moles    No_Specs  O1296Si648
        605           1           1           1
#  Timestep    No_Moles    No_Specs  O1296Si648
        610           1           1           1
#  Timestep    No_Moles    No_Specs  O1296Si648
        615           1           1           1
#  Timestep    No_Moles    No_Specs  O1296Si648
        620           1           1           1
#  Timestep    No_Moles    No_Specs  O1296Si648
        625           1           1           1
#  Timestep    No_Moles    No_Specs  O1296Si648
        630           1           1           1
#  Timestep    No_Moles    No_Specs  O1296Si648
        635           1           1           1
#  Timestep    No_Moles    No_Specs  O1296Si648
        640           1           1           1
#  Timestep    No_Moles    No_Specs  O1296Si648
        645           1           1           1
#  Timestep    No_Moles    No_Specs  O1296Si648
        650           1           1           1
#  Timestep    No_Moles    No_Specs  O1296Si648
        655           1           1           1
#  Timestep    No_Moles    No_Specs  O1296Si648
        660           1           1           1
#  Timestep    No_Moles    No_Specs  O1296Si648
        665           1           1           1
#  Timestep    No_Moles    No_Specs  O1296Si648
        670           1           1           1
#  Timestep    No_Moles    No_Specs  O1296Si648
        675           1           1           1
#  Timestep    No_Moles    No_Specs  O1296Si648
        680           1           1           1
#  Timestep    No_Moles    No_Specs  O1296Si648
        685           1           1           1
#  Timestep    No_Moles    No_Specs  O1296Si648
        690           1           1           1
#  Timestep    No_Moles    No_Specs  O1296Si648
        695           1           1           1
#  Timestep    No_Moles    No_Specs  O1296Si648
        700           1           1           1
#  Timestep    No_Moles    No_Specs  O1296Si648
        705           1           1           1
#  Timestep    No_Moles    No_Specs  O1296Si648
        710           1           1           1
#  Timestep    No_Moles    No_Specs  O1296Si648
        715           1           1           1
#  Timestep    No_Moles    No_Specs  O1296Si648
        720           1           1           1
#  Timestep    No_Moles    No_Specs  O1296Si648
        725           1           1           1
#  Timestep    No_Moles    No_Specs  O1296Si648
        730           1           1           1
#  Timestep    No_Moles    No_Specs  O1296Si648
        735           1           1           1
#  Timestep    No_Moles    No_Specs  O1296Si648
        740           1           1           1
#  Timestep    No_Moles    No_Specs  O1296Si648
        745           1           1           1
#  Timestep    No_Moles    No_Specs  O1296Si648
        750           1           1           1
#  Timestep    No_Moles    No_Specs  O1296Si648
        755           1           1           1
#  Timestep    No_Moles    No_Specs  O1296Si648
        760           1           1           1
#  Timestep    No_Moles    No_Specs  O1296Si648
        765           1           1           1
#  Timestep    No_Moles    No_Specs  O1296Si648
        770           1           1           1
#  Timestep    No_Moles    No_Specs  O1296Si648
        775           1           1           1
#  Timestep    No_Moles    No_Specs  O1296Si648
        780           1           1           1
#  Timestep    No_Moles    No_Specs  O1296Si648
        785           1           1           1
#  Timestep    No_Moles    No_Specs  O1296Si648
        790           1           1           1
#  Timestep    No_Moles    No_Specs  O1296Si648
        795           1           1           1
#  Timestep    No_Moles    No_Specs  O1296Si648
        800           1           1           1
#  Timestep    No_Moles    No_Specs  O1296Si648
        805           1           1           1
#  Timestep    No_Moles    No_Specs  O1296Si648
        810           1           1           1
#  Timestep    No_Moles    No_Specs  O1296Si648
        815           1           1           1
#  Timestep    No_Moles    No_Specs  O1296Si648
        820           1           1           1
#  Timestep    No_Moles    No_Specs  O1296Si648
        825           1           1           1
#  Timestep    No_Moles    No_Specs  O1296Si648
        830           1           1           1
#  Timestep    No_Moles    No_Specs  O1296Si648
        835           1           1           1
#  Timestep    No_Moles    No_Specs  O1296Si648
        840           1           1           1
#  Timestep    No_Moles    No_Specs  O1296Si648
        845           1           1           1
#  Timestep    No_Moles    No_Specs  O1296Si648
        850           1           1           1
#  Timestep    No_Moles    No_Specs  O1296Si648
        855           1           1           1
#  Timestep    No_Moles    No_Specs  O1296Si648
        860           1           1           1
#  Timestep    No_Moles    No_Specs  O1296Si648
        865           1           1           1
#  Timestep    No_Moles    No_Specs  O1296Si648
        870           1           1           1
#  Timestep    No_Moles    No_Specs  O1296Si648
        875           1           1           1
#  Timestep    No_Moles    No_Specs  O1296Si648
        880           1           1           1
#  Timestep    No_Moles    No_Specs  O1296Si648
        885           1           1           1
#  Timestep    No_Moles    No_Specs  O1296Si648
        890           1           1           1
#  Timestep    No_Moles    No_Specs  O1296Si648
        895           1           1           1
#  Timestep    No_Moles    No_Specs  O1296Si648
        900           1           1           1
#  Timestep    No_Moles    No_Specs  O1296Si648
        905           1           1           1
#  Timestep    No_Moles    No_Specs  O1296Si648
        910           1           1           1
#  Timestep    No_Moles    No_Specs  O1296Si648
        915           1           1           1
#  Timestep    No_Moles    No_Specs  O1296Si648
        920           1           1           1
#  Timestep    No_Moles    No_Specs  O1296Si648
        925           1           1           1
#  Timestep    No_Moles    No_Specs  O1296Si648
        930           1           1           1
#  Timestep    No_Moles    No_Specs  O1296Si648
        935           1           1           1
#  Timestep    No_Moles    No_Specs  O1296Si648
        940           1           1           1
#  Timestep    No_Moles    No_Specs  O1296Si648
        945           1           1           1
#  Timestep    No_Moles    No_Specs  O1296Si648
        950           1           1           1
#  Timestep    No_Moles    No_Specs  O1296Si648
        955           1           1           1
#  Timestep    No_Moles    No_Specs  O1296Si648
        960           1           1           1
#  Timestep    No_Moles    No_Specs  O1296Si648
        965           1           1           1
#  Timestep    No_Moles    No_Specs  O1296Si648
        970           1           1           1
#  Timestep    No_Moles    No_Specs  O1296Si648
        975           1           1           1
#  Timestep    No_Moles    No_Specs  O1296Si648
        980           1           1           1
#  Timestep    No_Moles    No_Specs  O1296Si648
        985           1           1           1
#  Timestep    No_Moles    No_Specs  O1296Si648
        990           1           1           1
#  Timestep    No_Moles    No_Specs  O1296Si648
        995           1           1           1
#  Timestep    No_Moles    No_Specs  O1296Si648
       1000           1           1           1
#  Timestep    No_Moles    No_Specs  O1296Si648
       1005           1           1           1
#  Timestep    No_Moles    No_Specs  O1296Si648
       1010           1           1           1
#  Timestep    No_Moles    No_Specs  O1296Si648
       1015           1           1           1
#  Timestep    No_Moles    No_Specs  O1296Si648
       1020           1           1           1
#  Timestep    No_Moles    No_Specs  O1296Si648
       1025           1           1           1
#  Timestep    No_Moles    No_Specs  O1296Si648
       1030           1           1           1
#  Timestep    No_Moles    No_Specs  O1296Si648
       1035           1           1           1
#  Timestep    No_Moles    No_Specs  O1296Si648
       1040           1           1           1
#  Timestep    No_Moles    No_Specs  O1296Si648
       1045           1           1           1
#  Timestep    No_Moles    No_Specs  O1296Si648
       1050           1           1           1
#  Timestep    No_Moles    No_Specs  O1296Si648
       1055           1           1           1
#  Timestep    No_Moles    No_Specs  O1296Si648
       1060           1           1           1
#  Timestep    No_Moles    No_Specs  O1296Si648
       1065           1           1           1
#  Timestep    No_Moles    No_Specs  O1296Si648
       1070           1           1           1
#  Timestep    No_Moles    No_Specs  O1296Si648
       1075           1           1           1
#  Timestep    No_Moles    No_Specs  O1296Si648
       1080           1           1           1
#  Timestep    No_Moles    No_Specs  O1296Si648
       1085           1           1           1
#  Timestep    No_Moles    No_Specs  O1296Si648
       1090           1           1           1
#  Timestep    No_Moles    No_Specs  O1296Si648
       1095           1           1           1
#  Timestep    No_Moles    No_Specs  O1296Si648
       1100           1           1           1
#  Timestep    No_Moles    No_Specs  O1296Si648
       1105           1           1           1
#  Timestep    No_Moles    No_Specs  O1296Si648
       1110           1           1           1
#  Timestep    No_Moles    No_Specs  O1296Si648
       1115           1           1           1
#  Timestep    No_Moles    No_Specs  O1296Si648
       1120           1           1           1
#  Timestep    No_Moles    No_Specs  O1296Si648
       1125           1           1           1
#  Timestep    No_Moles    No_Specs  O1296Si648
       1130           1           1           1
#  Timestep    No_Moles    No_Specs  O1296Si648
       1135           1           1           1
#  Timestep    No_Moles    No_Specs  O1296Si648
       1140           1           1           1
#  Timestep    No_Moles    No_Specs  O1296Si648
       1145           1           1           1
#  Timestep    No_Moles    No_Specs  O1296Si648
       1150           1           1           1
#  Timestep    No_Moles    No_Specs  O1296Si648
       1155           1           1           1
#  Timestep    No_Moles    No_Specs  O1296Si648
       1160           1           1           1
#  Timestep    No_Moles    No_Specs  O1296Si648
       1165           1           1           1
#  Timestep    No_Moles    No_Specs  O1296Si648
       1170           1           1           1
#  Timestep    No_Moles    No_Specs  O1296Si648
       1175           1           1           1
#  Timestep    No_Moles    No_Specs  O1296Si648
       1180           1           1           1
#  Timestep    No_Moles    No_Specs  O1296Si648
       1185           1           1           1
#  Timestep    No_Moles    No_Specs  O1296Si648
       1190           1           1           1
#  Timestep    No_Moles    No_Specs  O1296Si648
       1195           1           1           1
#  Timestep    No_Moles    No_Specs  O1296Si648
       1200           1           1           1
#  Timestep    No_Moles    No_Specs  O1296Si648
       1205           1           1           1
#  Timestep    No_Moles    No_Specs  O1296Si648
       1210           1           1           1
#  Timestep    No_Moles    No_Specs  O1296Si648
       1215           1           1           1
#  Timestep    No_Moles    No_Specs  O1296Si648
       1220           1           1           1
#  Timestep    No_Moles    No_Specs  O1296Si648
       1225           1           1           1
#  Timestep    No_Moles    No_Specs  O1296Si648
       1230           1           1           1
#  Timestep    No_Moles    No_Specs  O1296Si648
       1235           1           1           1
#  Timestep    No_Moles    No_Specs  O1296Si648
       1240           1           1           1
#  Timestep    No_Moles    No_Specs  O1296Si648
       1245           1           1           1
#  Timestep    No_Moles    No_Specs  O1296Si648
       1250           1           1           1
#  Timestep    No_Moles    No_Specs  O1296Si648
       1255           1           1           1
#  Timestep    No_Moles    No_Specs  O1296Si648
       1260           1           1           1
#  Timestep    No_Moles    No_Specs  O1296Si648
       1265           1           1           1
#  Timestep    No_Moles    No_Specs  O1296Si648
       1270           1           1           1
#  Timestep    No_Moles    No_Specs  O1296Si648
       1275           1           1           1
#  Timestep    No_Moles    No_Specs  O1296Si648
       1280           1           1           1
#  Timestep    No_Moles    No_Specs  O1296Si648
       1285           1           1           1
#  Timestep    No_Moles    No_Specs  O1296Si648
       1290           1           1           1
#  Timestep    No_Moles    No_Specs  O1296Si648
       1295           1           1           1
#  Timestep    No_Moles    No_Specs  O1296Si648
       1300           1           1           1
#  Timestep    No_Moles    No_Specs  O1296Si648
       1305           1           1           1
#  Timestep    No_Moles    No_Specs  O1296Si648
       1310           1           1           1
#  Timestep    No_Moles    No_Specs  O1296Si648
       1315           1           1           1
#  Timestep    No_Moles    No_Specs  O1296Si648
       1320           1           1           1
#  Timestep    No_Moles    No_Specs  O1296Si648
       1325           1           1           1
#  Timestep    No_Moles    No_Specs  O1296Si648
       1330           1           1           1
#  Timestep    No_Moles    No_Specs  O1296Si648
       1335           1           1           1
#  Timestep    No_Moles    No_Specs  O1296Si648
       1340           1           1           1
#  Timestep    No_Moles    No_Specs  O1296Si648
       1345           1           1           1
#  Timestep    No_Moles    No_Specs  O1296Si648
       1350           1           1           1
#  Timestep    No_Moles    No_Specs  O1296Si648
       1355           1           1           1
#  Timestep    No_Moles    No_Specs  O1296Si648
       1360           1           1           1
#  Timestep    No_Moles    No_Specs  O1296Si648
       1365           1           1           1
#  Timestep    No_Moles    No_Specs  O1296Si648
       1370           1           1           1
#  Timestep    No_Moles    No_Specs  O1296Si648
       1375           1           1           1
#  Timestep    No_Moles    No_Specs  O1296Si648
       1380           1           1           1
#  Timestep    No_Moles    No_Specs  O1296Si648
       1385           1           1           1
#  Timestep    No_Moles    No_Specs  O1296Si648
       1390           1           1           1
#  Timestep    No_Moles    No_Specs  O1296Si648
       1395           1           1           1
#  Timestep    No_Moles    No_Specs  O1296Si648
       1400           1           1           1
#  Timestep    No_Moles    No_Specs  O1296Si648
       1405           1           1           1
#  Timestep    No_Moles    No_Specs  O1296Si648
       1410           1           1           1
#  Timestep    No_Moles    No_Specs  O1296Si648
       1415           1           1           1
#  Timestep    No_Moles    No_Specs  O1296Si648
       1420           1           1           1
#  Timestep    No_Moles    No_Specs  O1296Si648
       1425           1           1           1
#  Timestep    No_Moles    No_Specs  O1296Si648
       1430           1           1           1
#  Timestep    No_Moles    No_Specs  O1296Si648
       1435           1           1           1
#  Timestep    No_Moles    No_Specs  O1296Si648
       1440           1           1           1
#  Timestep    No_Moles    No_Specs  O1296Si648
       1445           1           1           1
#  Timestep    No_Moles    No_Specs  O1296Si648
       1450           1           1           1
#  Timestep    No_Moles    No_Specs  O1296Si648
       1455           1           1           1
#  Timestep    No_Moles    No_Specs  O1296Si648
       1460           1           1           1
#  Timestep    No_Moles    No_Specs  O1296Si648
       1465           1           1           1
#  Timestep    No_Moles    No_Specs  O1296Si648
       1470           1           1           1
#  Timestep    No_Moles    No_Specs  O1296Si648
       1475           1           1           1
#  Timestep    No_Moles    No_Specs  O1296Si648
       1480           1           1           1
#  Timestep    No_Moles    No_Specs  O1296Si648
       1485           1           1           1
#  Timestep    No_Moles    No_Specs  O1296Si648
       1490           1           1           1
#  Timestep    No_Moles    No_Specs  O1296Si648
       1495           1           1           1
#  Timestep    No_Moles    No_Specs  O1296Si648
       1500           1           1           1
#  Timestep    No_Moles    No_Specs  O1296Si648
       1505           1           1           1
#  Timestep    No_Moles    No_Specs  O1296Si648
       1510           1           1           1
#  Timestep    No_Moles    No_Specs  O1296Si648
       1515           1           1           1
#  Timestep    No_Moles    No_Specs  O1296Si648
       1520           1           1           1
#  Timestep    No_Moles    No_Specs  O1296Si648
       1525           1           1           1
#  Timestep    No_Moles    No_Specs  O1296Si648
       1530           1           1           1
#  Timestep    No_Moles    No_Specs  O1296Si648
       1535           1           1           1
#  Timestep    No_Moles    No_Specs  O1296Si648
       1540           1           1           1
#  Timestep    No_Moles    No_Specs  O1296Si648
       1545           1           1           1
#  Timestep    No_Moles    No_Specs  O1296Si648
       1550           1           1           1
#  Timestep    No_Moles    No_Specs  O1296Si648
       1555           1           1           1
#  Timestep    No_Moles    No_Specs  O1296Si648
       1560           1           1           1
#  Timestep    No_Moles    No_Specs  O1296Si648
       1565           1           1           1
#  Timestep    No_Moles    No_Specs  O1296Si648
       1570           1           1           1
#  Timestep    No_Moles    No_Specs  O1296Si648
       1575           1           1           1
#  Timestep    No_Moles    No_Specs  O1296Si648
       1580           1           1           1
#  Timestep    No_Moles    No_Specs  O1296Si648
       1585           1           1           1
#  Timestep    No_Moles    No_Specs  O1296Si648
       1590           1           1           1
#  Timestep    No_Moles    No_Specs  O1296Si648
       1595           1           1           1
#  Timestep    No_Moles    No_Specs  O1296Si648
       1600           1           1           1
#  Timestep    No_Moles    No_Specs  O1296Si648
       1605           1           1           1
#  Timestep    No_Moles    No_Specs  O1296Si648
       1610           1           1           1
#  Timestep    No_Moles    No_Specs  O1296Si648
       1615           1           1           1
#  Timestep    No_Moles    No_Specs  O1296Si648
       1620           1           1           1
#  Timestep    No_Moles    No_Specs  O1296Si648
       1625           1           1           1
#  Timestep    No_Moles    No_Specs  O1296Si648
       1630           1           1           1
#  Timestep    No_Moles    No_Specs  O1296Si648
       1635           1           1           1
#  Timestep    No_Moles    No_Specs  O1296Si648
       1640           1           1           1
#  Timestep    No_Moles    No_Specs  O1296Si648
       1645           1           1           1
#  Timestep    No_Moles    No_Specs  O1296Si648
       1650           1           1           1
#  Timestep    No_Moles    No_Specs  O1296Si648
       1655           1           1           1
#  Timestep    No_Moles    No_Specs  O1296Si648
       1660           1           1           1
#  Timestep    No_Moles    No_Specs  O1296Si648
       1665           1           1           1
#  Timestep    No_Moles    No_Specs  O1296Si648
       1670           1           1           1
#  Timestep    No_Moles    No_Specs  O1296Si648
       1675           1           1           1
#  Timestep    No_Moles    No_Specs  O1296Si648
       1680           1           1           1
#  Timestep    No_Moles    No_Specs  O1296Si648
       1685           1           1           1
#  Timestep    No_Moles    No_Specs  O1296Si648
       1690           1           1           1
#  Timestep    No_Moles    No_Specs  O1296Si648
       1695           1           1           1
#  Timestep    No_Moles    No_Specs  O1296Si648
       1700           1           1           1
#  Timestep    No_Moles    No_Specs  O1296Si648
       1705           1           1           1
#  Timestep    No_Moles    No_Specs  O1296Si648
       1710           1           1           1
#  Timestep    No_Moles    No_Specs  O1296Si648
       1715           1           1           1
#  Timestep    No_Moles    No_Specs  O1296Si648
       1720           1           1           1
#  Timestep    No_Moles    No_Specs  O1296Si648
       1725           1           1           1
#  Timestep    No_Moles    No_Specs  O1296Si648
       1730           1           1           1
#  Timestep    No_Moles    No_Specs  O1296Si648
       1735           1           1           1
#  Timestep    No_Moles    No_Specs  O1296Si648
       1740           1           1           1
#  Timestep    No_Moles    No_Specs  O1296Si648
       1745           1           1           1
#  Timestep    No_Moles    No_Specs  O1296Si648
       1750           1           1           1
#  Timestep    No_Moles    No_Specs  O1296Si648
       1755           1           1           1
#  Timestep    No_Moles    No_Specs  O1296Si648
       1760           1           1           1
#  Timestep    No_Moles    No_Specs  O1296Si648
       1765           1           1           1
#  Timestep    No_Moles    No_Specs  O1296Si648
       1770           1           1           1
#  Timestep    No_Moles    No_Specs  O1296Si648
       1775           1           1           1
#  Timestep    No_Moles    No_Specs  O1296Si648
       1780           1           1           1
#  Timestep    No_Moles    No_Specs  O1296Si648
       1785           1           1           1
#  Timestep    No_Moles    No_Specs  O1296Si648
       1790           1           1           1
#  Timestep    No_Moles    No_Specs  O1296Si648
       1795           1           1           1
#  Timestep    No_Moles    No_Specs  O1296Si648
       1800           1           1           1
#  Timestep    No_Moles    No_Specs  O1296Si648
       1805           1           1           1
#  Timestep    No_Moles    No_Specs  O1296Si648
       1810           1           1           1
#  Timestep    No_Moles    No_Specs  O1296Si648
       1815           1           1           1
#  Timestep    No_Moles    No_Specs  O1296Si648
       1820           1           1           1
#  Timestep    No_Moles    No_Specs  O1296Si648
       1825           1           1           1
#  Timestep    No_Moles    No_Specs  O1296Si648
       1830           1           1           1
#  Timestep    No_Moles    No_Specs  O1296Si648
       1835           1           1           1
#  Timestep    No_Moles    No_Specs  O1296Si648
       1840           1           1           1
#  Timestep    No_Moles    No_Specs  O1296Si648
       1845           1           1           1
#  Timestep    No_Moles    No_Specs  O1296Si648
       1850           1           1           1
#  Timestep    No_Moles    No_Specs  O1296Si648
       1855           1           1           1
#  Timestep    No_Moles    No_Specs  O1296Si648
       1860           1           1           1
#  Timestep    No_Moles    No_Specs  O1296Si648
       1865           1           1           1
#  Timestep    No_Moles    No_Specs  O1296Si648
       1870           1           1           1
#  Timestep    No_Moles    No_Specs  O1296Si648
       1875           1           1           1
#  Timestep    No_Moles    No_Specs  O1296Si648
       1880           1           1           1
#  Timestep    No_Moles    No_Specs  O1296Si648
       1885           1           1           1
#  Timestep    No_Moles    No_Specs  O1296Si648
       1890           1           1           1
#  Timestep    No_Moles    No_Specs  O1296Si648
       1895           1           1           1
#  Timestep    No_Moles    No_Specs  O1296Si648
       1900           1           1           1
#  Timestep    No_Moles    No_Specs  O1296Si648
       1905           1           1           1
#  Timestep    No_Moles    No_Specs  O1296Si648
       1910           1           1           1
#  Timestep    No_Moles    No_Specs  O1296Si648
       1915           1           1           1
#  Timestep    No_Moles    No_Specs  O1296Si648
       1920           1           1           1
#  Timestep    No_Moles    No_Specs  O1296Si648
       1925           1           1           1
#  Timestep    No_Moles    No_Specs  O1296Si648
       1930           1           1           1
#  Timestep    No_Moles    No_Specs  O1296Si648
       1935           1           1           1
#  Timestep    No_Moles    No_Specs  O1296Si648
       1940           1           1           1
#  Timestep    No_Moles    No_Specs  O1296Si648
       1945           1           1           1
#  Timestep    No_Moles    No_Specs  O1296Si648
       1950           1           1           1
#  Timestep    No_Moles    No_Specs  O1296Si648
       1955           1           1           1
#  Timestep    No_Moles    No_Specs  O1296Si648
       1960           1           1           1
#  Timestep    No_Moles    No_Specs  O1296Si648
       1965           1           1           1
#  Timestep    No_Moles    No_Specs  O1296Si648
       1970           1           1           1
#  Timestep    No_Moles    No_Specs  O1296Si648
       1975           1           1           1
#  Timestep    No_Moles    No_Specs  O1296Si648
       1980           1           1           1
#  Timestep    No_Moles    No_Specs  O1296Si648
       1985           1           1           1
#  Timestep    No_Moles    No_Specs  O1296Si648
       1990           1           1           1
#  Timestep    No_Moles    No_Specs  O1296Si648
       1995           1           1           1
#  Timestep    No_Moles    No_Specs  O1296Si648
       2000           1           1           1
#  Timestep    No_Moles    No_Specs  O1296Si648
       2005           1           1           1
#  Timestep    No_Moles    No_Specs  O1296Si648
       2010           1           1           1
#  Timestep    No_Moles    No_Specs  O1296Si648
       2015           1           1           1
#  Timestep    No_Moles    No_Specs  O1296Si648
       2020           1           1           1
#  Timestep    No_Moles    No_Specs  O1296Si648
       2025           1           1           1
#  Timestep    No_Moles    No_Specs  O1296Si648
       2030           1           1           1
#  Timestep    No_Moles    No_Specs  O1296Si648
       2035           1           1           1
#  Timestep    No_Moles    No_Specs  O1296Si648
       2040           1           1           1
#  Timestep    No_Moles    No_Specs  O1296Si648
       2045           1           1           1
#  Timestep    No_Moles    No_Specs  O1296Si648
       2050           1           1           1
#  Timestep    No_Moles    No_Specs  O1296Si648
       2055           1           1           1
#  Timestep    No_Moles    No_Specs  O1296Si648
       2060           1           1           1
#  Timestep    No_Moles    No_Specs  O1296Si648
       2065           1           1           1
#  Timestep    No_Moles    No_Specs  O1296Si648
       2070           1           1           1
#  Timestep    No_Moles    No_Specs  O1296Si648
       2075           1           1           1
#  Timestep    No_Moles    No_Specs  O1296Si648
       2080           1           1           1
#  Timestep    No_Moles    No_Specs  O1296Si648
       2085           1           1           1
#  Timestep    No_Moles    No_Specs  O1296Si648
       2090           1           1           1
#  Timestep    No_Moles    No_Specs  O1296Si648
       2095           1           1           1
#  Timestep    No_Moles    No_Specs  O1296Si648
       2100           1           1           1
#  Timestep    No_Moles    No_Specs  O1296Si648
       2105           1           1           1
#  Timestep    No_Moles    No_Specs  O1296Si648
       2110           1           1           1
#  Timestep    No_Moles    No_Specs  O1296Si648
       2115           1           1           1
#  Timestep    No_Moles    No_Specs  O1296Si648
       2120           1           1           1
#  Timestep    No_Moles    No_Specs  O1296Si648
       2125           1           1           1
#  Timestep    No_Moles    No_Specs  O1296Si648
       2130           1           1           1
#  Timestep    No_Moles    No_Specs  O1296Si648
       2135           1           1           1
#  Timestep    No_Moles    No_Specs  O1296Si648
       2140           1           1           1
#  Timestep    No_Moles    No_Specs  O1296Si648
       2145           1           1           1
#  Timestep    No_Moles    No_Specs  O1296Si648
       2150           1           1           1
#  Timestep    No_Moles    No_Specs  O1296Si648
       2155           1           1           1
#  Timestep    No_Moles    No_Specs  O1296Si648
       2160           1           1           1
#  Timestep    No_Moles    No_Specs  O1296Si648
       2165           1           1           1
#  Timestep    No_Moles    No_Specs  O1296Si648
       2170           1           1           1
#  Timestep    No_Moles    No_Specs  O1296Si648
       2175           1           1           1
#  Timestep    No_Moles    No_Specs  O1296Si648
       2180           1           1           1
#  Timestep    No_Moles    No_Specs  O1296Si648
       2185           1           1           1
#  Timestep    No_Moles    No_Specs  O1296Si648
       2190           1           1           1
#  Timestep    No_Moles    No_Specs  O1296Si648
       2195           1           1           1
#  Timestep    No_Moles    No_Specs  O1296Si648
       2200           1           1           1
#  Timestep    No_Moles    No_Specs  O1296Si648
       2205           1           1           1
#  Timestep    No_Moles    No_Specs  O1296Si648
       2210           1           1           1
#  Timestep    No_Moles    No_Specs  O1296Si648
       2215           1           1           1
#  Timestep    No_Moles    No_Specs  O1296Si648
       2220           1           1           1
#  Timestep    No_Moles    No_Specs  O1296Si648
       2225           1           1           1
#  Timestep    No_Moles    No_Specs  O1296Si648
       2230           1           1           1
#  Timestep    No_Moles    No_Specs  O1296Si648
       2235           1           1           1
#  Timestep    No_Moles    No_Specs  O1296Si648
       2240           1           1           1
#  Timestep    No_Moles    No_Specs  O1296Si648
       2245           1           1           1
#  Timestep    No_Moles    No_Specs  O1296Si648
       2250           1           1           1
#  Timestep    No_Moles    No_Specs  O1296Si648
       2255           1           1           1
#  Timestep    No_Moles    No_Specs  O1296Si648
       2260           1           1           1
#  Timestep    No_Moles    No_Specs  O1296Si648
       2265           1           1           1
#  Timestep    No_Moles    No_Specs  O1296Si648
       2270           1           1           1
#  Timestep    No_Moles    No_Specs  O1296Si648
       2275           1           1           1
#  Timestep    No_Moles    No_Specs  O1296Si648
       2280           1           1           1
#  Timestep    No_Moles    No_Specs  O1296Si648
       2285           1           1           1
#  Timestep    No_Moles    No_Specs  O1296Si648
       2290           1           1           1
#  Timestep    No_Moles    No_Specs  O1296Si648
       2295           1           1           1
#  Timestep    No_Moles    No_Specs  O1296Si648
       2300           1           1           1
#  Timestep    No_Moles    No_Specs  O1296Si648
       2305           1           1           1
#  Timestep    No_Moles    No_Specs  O1296Si648
       2310           1           1           1
#  Timestep    No_Moles    No_Specs  O1296Si648
       2315           1           1           1
#  Timestep    No_Moles    No_Specs  O1296Si648
       2320           1           1           1
#  Timestep    No_Moles    No_Specs  O1296Si648
       2325           1           1           1
#  Timestep    No_Moles    No_Specs  O1296Si648
       2330           1           1           1
#  Timestep    No_Moles    No_Specs  O1296Si648
       2335           1           1           1
#  Timestep    No_Moles    No_Specs  O1296Si648
       2340           1           1           1
#  Timestep    No_Moles    No_Specs  O1296Si648
       2345           1           1           1
#  Timestep    No_Moles    No_Specs  O1296Si648
       2350           1           1           1
#  Timestep    No_Moles    No_Specs  O1296Si648
       2355           1           1           1
#  Timestep    No_Moles    No_Specs  O1296Si648
       2360           1           1           1
#  Timestep    No_Moles    No_Specs  O1296Si648
       2365           1           1           1
#  Timestep    No_Moles    No_Specs  O1296Si648
       2370           1           1           1
#  Timestep    No_Moles    No_Specs  O1296Si648
       2375           1           1           1
#  Timestep    No_Moles    No_Specs  O1296Si648
       2380           1           1           1
#  Timestep    No_Moles    No_Specs  O1296Si648
       2385           1           1           1
#  Timestep    No_Moles    No_Specs  O1296Si648
       2390           1           1           1
#  Timestep    No_Moles    No_Specs  O1296Si648
       2395           1           1           1
#  Timestep    No_Moles    No_Specs  O1296Si648
       2400           1           1           1
#  Timestep    No_Moles    No_Specs  O1296Si648
       2405           1           1           1
#  Timestep    No_Moles    No_Specs  O1296Si648
       2410           1           1           1
#  Timestep    No_Moles    No_Specs  O1296Si648
       2415           1           1           1
#  Timestep    No_Moles    No_Specs  O1296Si648
       2420           1           1           1
#  Timestep    No_Moles    No_Specs  O1296Si648
       2425           1           1           1
#  Timestep    No_Moles    No_Specs  O1296Si648
       2430           1           1           1
#  Timestep    No_Moles    No_Specs  O1296Si648
       2435           1           1           1
#  Timestep    No_Moles    No_Specs  O1296Si648
       2440           1           1           1
#  Timestep    No_Moles    No_Specs  O1296Si648
       2445           1           1           1
#  Timestep    No_Moles    No_Specs  O1296Si648
       2450           1           1           1
#  Timestep    No_Moles    No_Specs  O1296Si648
       2455           1           1           1
#  Timestep    No_Moles    No_Specs  O1296Si648
       2460           1           1           1
#  Timestep    No_Moles    No_Specs  O1296Si648
       2465           1           1           1
#  Timestep    No_Moles    No_Specs  O1296Si648
       2470           1           1           1
#  Timestep    No_Moles    No_Specs  O1296Si648
       2475           1           1           1
#  Timestep    No_Moles    No_Specs  O1296Si648
       2480           1           1           1
#  Timestep    No_Moles    No_Specs  O1296Si648
       2485           1           1           1
#  Timestep    No_Moles    No_Specs  O1296Si648
       2490           1           1           1
#  Timestep    No_Moles    No_Specs  O1296Si648
       2495           1           1           1
#  Timestep    No_Moles    No_Specs  O1296Si648
       2500           1           1           1
#  Timestep    No_Moles    No_Specs  O1296Si648
       2505           1           1           1
#  Timestep    No_Moles    No_Specs  O1296Si648
       2510           1           1           1
#  Timestep    No_Moles    No_Specs  O1296Si648
       2515           1           1           1
#  Timestep    No_Moles    No_Specs  O1296Si648
       2520           1           1           1
#  Timestep    No_Moles    No_Specs  O1296Si648
       2525           1           1           1
#  Timestep    No_Moles    No_Specs  O1296Si648
       2530           1           1           1
#  Timestep    No_Moles    No_Specs  O1296Si648
       2535           1           1           1
#  Timestep    No_Moles    No_Specs  O1296Si648
       2540           1           1           1
#  Timestep    No_Moles    No_Specs  O1296Si648
       2545           1           1           1
#  Timestep    No_Moles    No_Specs  O1296Si648
       2550           1           1           1
#  Timestep    No_Moles    No_Specs  O1296Si648
       2555           1           1           1
#  Timestep    No_Moles    No_Specs  O1296Si648
       2560           1           1           1
#  Timestep    No_Moles    No_Specs  O1296Si648
       2565           1           1           1
#  Timestep    No_Moles    No_Specs  O1296Si648
       2570           1           1           1
#  Timestep    No_Moles    No_Specs  O1296Si648
       2575           1           1           1
#  Timestep    No_Moles    No_Specs  O1296Si648
       2580           1           1           1
#  Timestep    No_Moles    No_Specs  O1296Si648
       2585           1           1           1
#  Timestep    No_Moles    No_Specs  O1296Si648
       2590           1           1           1
#  Timestep    No_Moles    No_Specs  O1296Si648
       2595           1           1           1
#  Timestep    No_Moles    No_Specs  O1296Si648
       2600           1           1           1
#  Timestep    No_Moles    No_Specs  O1296Si648
       2605           1           1           1
#  Timestep    No_Moles    No_Specs  O1296Si648
       2610           1           1           1
#  Timestep    No_Moles    No_Specs  O1296Si648
       2615           1           1           1
#  Timestep    No_Moles    No_Specs  O1296Si648
       2620           1           1           1
#  Timestep    No_Moles    No_Specs  O1296Si648
       2625           1           1           1
#  Timestep    No_Moles    No_Specs  O1296Si648
       2630           1           1           1
#  Timestep    No_Moles    No_Specs  O1296Si648
       2635           1           1           1
#  Timestep    No_Moles    No_Specs  O1296Si648
       2640           1           1           1
#  Timestep    No_Moles    No_Specs  O1296Si648
       2645           1           1           1
#  Timestep    No_Moles    No_Specs  O1296Si648
       2650           1           1           1
#  Timestep    No_Moles    No_Specs  O1296Si648
       2655           1           1           1
#  Timestep    No_Moles    No_Specs  O1296Si648
       2660           1           1           1
#  Timestep    No_Moles    No_Specs  O1296Si648
       2665           1           1           1
#  Timestep    No_Moles    No_Specs  O1296Si648
       2670           1           1           1
#  Timestep    No_Moles    No_Specs  O1296Si648
       2675           1           1           1
#  Timestep    No_Moles    No_Specs  O1296Si648
       2680           1           1           1
#  Timestep    No_Moles    No_Specs  O1296Si648
       2685           1           1           1
#  Timestep    No_Moles    No_Specs  O1296Si648
       2690           1           1           1
#  Timestep    No_Moles    No_Specs  O1296Si648
       2695           1           1           1
#  Timestep    No_Moles    No_Specs  O1296Si648
       2700           1           1           1
#  Timestep    No_Moles    No_Specs  O1296Si648
       2705           1           1           1
#  Timestep    No_Moles    No_Specs  O1296Si648
       2710           1           1           1
#  Timestep    No_Moles    No_Specs  O1296Si648
       2715           1           1           1
#  Timestep    No_Moles    No_Specs  O1296Si648
       2720           1           1           1
#  Timestep    No_Moles    No_Specs  O1296Si648
       2725           1           1           1
#  Timestep    No_Moles    No_Specs  O1296Si648
       2730           1           1           1
#  Timestep    No_Moles    No_Specs  O1296Si648
       2735           1           1           1
#  Timestep    No_Moles    No_Specs  O1296Si648
       2740           1           1           1
#  Timestep    No_Moles    No_Specs  O1296Si648
       2745           1           1           1
#  Timestep    No_Moles    No_Specs  O1296Si648
       2750           1           1           1
#  Timestep    No_Moles    No_Specs  O1296Si648
       2755           1           1           1
#  Timestep    No_Moles    No_Specs  O1296Si648
       2760           1           1           1
#  Timestep    No_Moles    No_Specs  O1296Si648
       2765           1           1           1
#  Timestep    No_Moles    No_Specs  O1296Si648
       2770           1           1           1
#  Timestep    No_Moles    No_Specs  O1296Si648
       2775           1           1           1
#  Timestep    No_Moles    No_Specs  O1296Si648
       2780           1           1           1
#  Timestep    No_Moles    No_Specs  O1296Si648
       2785           1           1           1
#  Timestep    No_Moles    No_Specs  O1296Si648
       2790           1           1           1
#  Timestep    No_Moles    No_Specs  O1296Si648
       2795           1           1           1
#  Timestep    No_Moles    No_Specs  O1296Si648
       2800           1           1           1
#  Timestep    No_Moles    No_Specs  O1296Si648
       2805           1           1           1
#  Timestep    No_Moles    No_Specs  O1296Si648
       2810           1           1           1
#  Timestep    No_Moles    No_Specs  O1296Si648
       2815           1           1           1
#  Timestep    No_Moles    No_Specs  O1296Si648
       2820           1           1           1
#  Timestep    No_Moles    No_Specs  O1296Si648
       2825           1           1           1
#  Timestep    No_Moles    No_Specs  O1296Si648
       2830           1           1           1
#  Timestep    No_Moles    No_Specs  O1296Si648
       2835           1           1           1
#  Timestep    No_Moles    No_Specs  O1296Si648
       2840           1           1           1
#  Timestep    No_Moles    No_Specs  O1296Si648
       2845           1           1           1
#  Timestep    No_Moles    No_Specs  O1296Si648
       2850           1           1           1
#  Timestep    No_Moles    No_Specs  O1296Si648
       2855           1           1           1
#  Timestep    No_Moles    No_Specs  O1296Si648
       2860           1           1           1
#  Timestep    No_Moles    No_Specs  O1296Si648
       2865           1           1           1
#  Timestep    No_Moles    No_Specs  O1296Si648
       2870           1           1           1
#  Timestep    No_Moles    No_Specs  O1296Si648
       2875           1           1           1
#  Timestep    No_Moles    No_Specs  O1296Si648
       2880           1           1           1
#  Timestep    No_Moles    No_Specs  O1296Si648
       2885           1           1           1
#  Timestep    No_Moles    No_Specs  O1296Si648
       2890           1           1           1
#  Timestep    No_Moles    No_Specs  O1296Si648
       2895           1           1           1
#  Timestep    No_Moles    No_Specs  O1296Si648
       2900           1           1           1
#  Timestep    No_Moles    No_Specs  O1296Si648
       2905           1           1           1
#  Timestep    No_Moles    No_Specs  O1296Si648
       2910           1           1           1
#  Timestep    No_Moles    No_Specs  O1296Si648
       2915           1           1           1
#  Timestep    No_Moles    No_Specs  O1296Si648
       2920           1           1           1
#  Timestep    No_Moles    No_Specs  O1296Si648
       2925           1           1           1
#  Timestep    No_Moles    No_Specs  O1296Si648
       2930           1           1           1
#  Timestep    No_Moles    No_Specs  O1296Si648
       2935           1           1           1
#  Timestep    No_Moles    No_Specs  O1296Si648
       2940           1           1           1
#  Timestep    No_Moles    No_Specs  O1296Si648
       2945           1           1           1
#  Timestep    No_Moles    No_Specs  O1296Si648
       2950           1           1           1
#  Timestep    No_Moles    No_Specs  O1296Si648
       2955           1           1           1
#  Timestep    No_Moles    No_Specs  O1296Si648
       2960           1           1           1
#  Timestep    No_Moles    No_Specs  O1296Si648
       2965           1           1           1
#  Timestep    No_Moles    No_Specs  O1296Si648
       2970           1           1           1
#  Timestep    No_Moles    No_Specs  O1296Si648
       2975           1           1           1
#  Timestep    No_Moles    No_Specs  O1296Si648
       2980           1           1           1
#  Timestep    No_Moles    No_Specs  O1296Si648
       2985           1           1           1
#  Timestep    No_Moles    No_Specs  O1296Si648
       2990           1           1           1
#  Timestep    No_Moles    No_Specs  O1296Si648
       2995           1           1           1
#  Timestep    No_Moles    No_Specs  O1296Si648
       3000           1           1           1
#  Timestep    No_Moles    No_Specs  O1296Si648
       3005           1           1           1
#  Timestep    No_Moles    No_Specs  O1296Si648
       3010           1           1           1
#  Timestep    No_Moles    No_Specs  O1296Si648
       3015           1           1           1
#  Timestep    No_Moles    No_Specs  O1296Si648
       3020           1           1           1
#  Timestep    No_Moles    No_Specs  O1296Si648
       3025           1           1           1
#  Timestep    No_Moles    No_Specs  O1296Si648
       3030           1           1           1
#  Timestep    No_Moles    No_Specs  O1296Si648
       3035           1           1           1
#  Timestep    No_Moles    No_Specs  O1296Si648
       3040           1           1           1
#  Timestep    No_Moles    No_Specs  O1296Si648
       3045           1           1           1
#  Timestep    No_Moles    No_Specs  O1296Si648
       3050           1           1           1
#  Timestep    No_Moles    No_Specs  O1296Si648
       3055           1           1           1
#  Timestep    No_Moles    No_Specs  O1296Si648
       3060           1           1           1
#  Timestep    No_Moles    No_Specs  O1296Si648
       3065           1           1           1
#  Timestep    No_Moles    No_Specs  O1296Si648
       3070           1           1           1
#  Timestep    No_Moles    No_Specs  O1296Si648
       3075           1           1           1
#  Timestep    No_Moles    No_Specs  O1296Si648
       3080           1           1           1
#  Timestep    No_Moles    No_Specs  O1296Si648
       3085           1           1           1
#  Timestep    No_Moles    No_Specs  O1296Si648
       3090           1           1           1
#  Timestep    No_Moles    No_Specs  O1296Si648
       3095           1           1           1
#  Timestep    No_Moles    No_Specs  O1296Si648
       3100           1           1           1
#  Timestep    No_Moles    No_Specs  O1296Si648
       3105           1           1           1
#  Timestep    No_Moles    No_Specs  O1296Si648
       3110           1           1           1
#  Timestep    No_Moles    No_Specs  O1296Si648
       3115           1           1           1
#  Timestep    No_Moles    No_Specs  O1296Si648
       3120           1           1           1
#  Timestep    No_Moles    No_Specs  O1296Si648
       3125           1           1           1
#  Timestep    No_Moles    No_Specs  O1296Si648
       3130           1           1           1
#  Timestep    No_Moles    No_Specs  O1296Si648
       3135           1           1           1
#  Timestep    No_Moles    No_Specs  O1296Si648
       3140           1           1           1
#  Timestep    No_Moles    No_Specs  O1296Si648
       3145           1           1           1
#  Timestep    No_Moles    No_Specs  O1296Si648
       3150           1           1           1
#  Timestep    No_Moles    No_Specs  O1296Si648
       3155           1           1           1
#  Timestep    No_Moles    No_Specs  O1296Si648
       3160           1           1           1
#  Timestep    No_Moles    No_Specs  O1296Si648
       3165           1           1           1
#  Timestep    No_Moles    No_Specs  O1296Si648
       3170           1           1           1
#  Timestep    No_Moles    No_Specs  O1296Si648
       3175           1           1           1
#  Timestep    No_Moles    No_Specs  O1296Si648
       3180           1           1           1
#  Timestep    No_Moles    No_Specs  O1296Si648
       3185           1           1           1
#  Timestep    No_Moles    No_Specs  O1296Si648
       3190           1           1           1
#  Timestep    No_Moles    No_Specs  O1296Si648
       3195           1           1           1
#  Timestep    No_Moles    No_Specs  O1296Si648
       3200           1           1           1
#  Timestep    No_Moles    No_Specs  O1296Si648
       3205           1           1           1
#  Timestep    No_Moles    No_Specs  O1296Si648
       3210           1           1           1
#  Timestep    No_Moles    No_Specs  O1296Si648
       3215           1           1           1
#  Timestep    No_Moles    No_Specs  O1296Si648
       3220           1           1           1
#  Timestep    No_Moles    No_Specs  O1296Si648
       3225           1           1           1
#  Timestep    No_Moles    No_Specs  O1296Si648
       3230           1           1           1
#  Timestep    No_Moles    No_Specs  O1296Si648
       3235           1           1           1
#  Timestep    No_Moles    No_Specs  O1296Si648
       3240           1           1           1
#  Timestep    No_Moles    No_Specs  O1296Si648
       3245           1           1           1
#  Timestep    No_Moles    No_Specs  O1296Si648
       3250           1           1           1
#  Timestep    No_Moles    No_Specs  O1296Si648
       3255           1           1           1
#  Timestep    No_Moles    No_Specs  O1296Si648
       3260           1           1           1
#  Timestep    No_Moles    No_Specs  O1296Si648
       3265           1           1           1
#  Timestep    No_Moles    No_Specs  O1296Si648
       3270           1           1           1
#  Timestep    No_Moles    No_Specs  O1296Si648
       3275           1           1           1
#  Timestep    No_Moles    No_Specs  O1296Si648
       3280           1           1           1
#  Timestep    No_Moles    No_Specs  O1296Si648
       3285           1           1           1
#  Timestep    No_Moles    No_Specs  O1296Si648
       3290           1           1           1
#  Timestep    No_Moles    No_Specs  O1296Si648
       3295           1           1           1
#  Timestep    No_Moles    No_Specs  O1296Si648
       3300           1           1           1
#  Timestep    No_Moles    No_Specs  O1296Si648
       3305           1           1           1
#  Timestep    No_Moles    No_Specs  O1296Si648
       3310           1           1           1
#  Timestep    No_Moles    No_Specs  O1296Si648
       3315           1           1           1
#  Timestep    No_Moles    No_Specs  O1296Si648
       3320           1           1           1
#  Timestep    No_Moles    No_Specs  O1296Si648
       3325           1           1           1
#  Timestep    No_Moles    No_Specs  O1296Si648
       3330           1           1           1
#  Timestep    No_Moles    No_Specs  O1296Si648
       3335           1           1           1
#  Timestep    No_Moles    No_Specs  O1296Si648
       3340           1           1           1
#  Timestep    No_Moles    No_Specs  O1296Si648
       3345           1           1           1
#  Timestep    No_Moles    No_Specs  O1296Si648
       3350           1           1           1
#  Timestep    No_Moles    No_Specs  O1296Si648
       3355           1           1           1
#  Timestep    No_Moles    No_Specs  O1296Si648
       3360           1           1           1
#  Timestep    No_Moles    No_Specs  O1296Si648
       3365           1           1           1
#  Timestep    No_Moles    No_Specs  O1296Si648
       3370           1           1           1
#  Timestep    No_Moles    No_Specs  O1296Si648
       3375           1           1           1
#  Timestep    No_Moles    No_Specs  O1296Si648
       3380           1           1           1
#  Timestep    No_Moles    No_Specs  O1296Si648
       3385           1           1           1
#  Timestep    No_Moles    No_Specs  O1296Si648
       3390           1           1           1
#  Timestep    No_Moles    No_Specs  O1296Si648
       3395           1           1           1
#  Timestep    No_Moles    No_Specs  O1296Si648
       3400           1           1           1
#  Timestep    No_Moles    No_Specs  O1296Si648
       3405           1           1           1
#  Timestep    No_Moles    No_Specs  O1296Si648
       3410           1           1           1
#  Timestep    No_Moles    No_Specs  O1296Si648
       3415           1           1           1
#  Timestep    No_Moles    No_Specs  O1296Si648
       3420           1           1           1
#  Timestep    No_Moles    No_Specs  O1296Si648
       3425           1           1           1
#  Timestep    No_Moles    No_Specs  O1296Si648
       3430           1           1           1
#  Timestep    No_Moles    No_Specs  O1296Si648
       3435           1           1           1
#  Timestep    No_Moles    No_Specs  O1296Si648
       3440           1           1           1
#  Timestep    No_Moles    No_Specs  O1296Si648
       3445           1           1           1
#  Timestep    No_Moles    No_Specs  O1296Si648
       3450           1           1           1
#  Timestep    No_Moles    No_Specs  O1296Si648
       3455           1           1           1
#  Timestep    No_Moles    No_Specs  O1296Si648
       3460           1           1           1
#  Timestep    No_Moles    No_Specs  O1296Si648
       3465           1           1           1
#  Timestep    No_Moles    No_Specs  O1296Si648
       3470           1           1           1
#  Timestep    No_Moles    No_Specs  O1296Si648
       3475           1           1           1
#  Timestep    No_Moles    No_Specs  O1296Si648
       3480           1           1           1
#  Timestep    No_Moles    No_Specs  O1296Si648
       3485           1           1           1
#  Timestep    No_Moles    No_Specs  O1296Si648
       3490           1           1           1
#  Timestep    No_Moles    No_Specs  O1296Si648
       3495           1           1           1
#  Timestep    No_Moles    No_Specs  O1296Si648
       3500           1           1           1
#  Timestep    No_Moles    No_Specs  O1296Si648
       3505           1           1           1
#  Timestep    No_Moles    No_Specs  O1296Si648
       3510           1           1           1
#  Timestep    No_Moles    No_Specs  O1296Si648
       3515           1           1           1
#  Timestep    No_Moles    No_Specs  O1296Si648
       3520           1           1           1
#  Timestep    No_Moles    No_Specs  O1296Si648
       3525           1           1           1
#  Timestep    No_Moles    No_Specs  O1296Si648
       3530           1           1           1
#  Timestep    No_Moles    No_Specs  O1296Si648
       3535           1           1           1
#  Timestep    No_Moles    No_Specs  O1296Si648
       3540           1           1           1
#  Timestep    No_Moles    No_Specs  O1296Si648
       3545           1           1           1
#  Timestep    No_Moles    No_Specs  O1296Si648
       3550           1           1           1
#  Timestep    No_Moles    No_Specs  O1296Si648
       3555           1           1           1
#  Timestep    No_Moles    No_Specs  O1296Si648
       3560           1           1           1
#  Timestep    No_Moles    No_Specs  O1296Si648
       3565           1           1           1
#  Timestep    No_Moles    No_Specs  O1296Si648
       3570           1           1           1
#  Timestep    No_Moles    No_Specs  O1296Si648
       3575           1           1           1
#  Timestep    No_Moles    No_Specs  O1296Si648
       3580           1           1           1
#  Timestep    No_Moles    No_Specs  O1296Si648
       3585           1           1           1
#  Timestep    No_Moles    No_Specs  O1296Si648
       3590           1           1           1
#  Timestep    No_Moles    No_Specs  O1296Si648
       3595           1           1           1
#  Timestep    No_Moles    No_Specs  O1296Si648
       3600           1           1           1
#  Timestep    No_Moles    No_Specs  O1296Si648
       3605           1           1           1
#  Timestep    No_Moles    No_Specs  O1296Si648
       3610           1           1           1
#  Timestep    No_Moles    No_Specs  O1296Si648
       3615           1           1           1
#  Timestep    No_Moles    No_Specs  O1296Si648
       3620           1           1           1
#  Timestep    No_Moles    No_Specs  O1296Si648
       3625           1           1           1
#  Timestep    No_Moles    No_Specs  O1296Si648
       3630           1           1           1
#  Timestep    No_Moles    No_Specs  O1296Si648
       3635           1           1           1
#  Timestep    No_Moles    No_Specs  O1296Si648
       3640           1           1           1
#  Timestep    No_Moles    No_Specs  O1296Si648
       3645           1           1           1
#  Timestep    No_Moles    No_Specs  O1296Si648
       3650           1           1           1
#  Timestep    No_Moles    No_Specs  O1296Si648
       3655           1           1           1
#  Timestep    No_Moles    No_Specs  O1296Si648
       3660           1           1           1
#  Timestep    No_Moles    No_Specs  O1296Si648
       3665           1           1           1
#  Timestep    No_Moles    No_Specs  O1296Si648
       3670           1           1           1
#  Timestep    No_Moles    No_Specs  O1296Si648
       3675           1           1           1
#  Timestep    No_Moles    No_Specs  O1296Si648
       3680           1           1           1
#  Timestep    No_Moles    No_Specs  O1296Si648
       3685           1           1           1
#  Timestep    No_Moles    No_Specs  O1296Si648
       3690           1           1           1
#  Timestep    No_Moles    No_Specs  O1296Si648
       3695           1           1           1
#  Timestep    No_Moles    No_Specs  O1296Si648
       3700           1           1           1
#  Timestep    No_Moles    No_Specs  O1296Si648
       3705           1           1           1
#  Timestep    No_Moles    No_Specs  O1296Si648
       3710           1           1           1
#  Timestep    No_Moles    No_Specs  O1296Si648
       3715           1           1           1
#  Timestep    No_Moles    No_Specs  O1296Si648
       3720           1           1           1
#  Timestep    No_Moles    No_Specs  O1296Si648
       3725           1           1           1
#  Timestep    No_Moles    No_Specs  O1296Si648
       3730           1           1           1
#  Timestep    No_Moles    No_Specs  O1296Si648
       3735           1           1           1
#  Timestep    No_Moles    No_Specs  O1296Si648
       3740           1           1           1
#  Timestep    No_Moles    No_Specs  O1296Si648
       3745           1           1           1
#  Timestep    No_Moles    No_Specs  O1296Si648
       3750           1           1           1
#  Timestep    No_Moles    No_Specs  O1296Si648
       3755           1           1           1
#  Timestep    No_Moles    No_Specs  O1296Si648
       3760           1           1           1
#  Timestep    No_Moles    No_Specs  O1296Si648
       3765           1           1           1
#  Timestep    No_Moles    No_Specs  O1296Si648
       3770           1           1           1
#  Timestep    No_Moles    No_Specs  O1296Si648
       3775           1           1           1
#  Timestep    No_Moles    No_Specs  O1296Si648
       3780           1           1           1
#  Timestep    No_Moles    No_Specs  O1296Si648
       3785           1           1           1
#  Timestep    No_Moles    No_Specs  O1296Si648
       3790           1           1           1
#  Timestep    No_Moles    No_Specs  O1296Si648
       3795           1           1           1
#  Timestep    No_Moles    No_Specs  O1296Si648
       3800           1           1           1
#  Timestep    No_Moles    No_Specs  O1296Si648
       3805           1           1           1
#  Timestep    No_Moles    No_Specs  O1296Si648
       3810           1           1           1
#  Timestep    No_Moles    No_Specs  O1296Si648
       3815           1           1           1
#  Timestep    No_Moles    No_Specs  O1296Si648
       3820           1           1           1
#  Timestep    No_Moles    No_Specs  O1296Si648
       3825           1           1           1
#  Timestep    No_Moles    No_Specs  O1296Si648
       3830           1           1           1
#  Timestep    No_Moles    No_Specs  O1296Si648
       3835           1           1           1
#  Timestep    No_Moles    No_Specs  O1296Si648
       3840           1           1           1
#  Timestep    No_Moles    No_Specs  O1296Si648
       3845           1           1           1
#  Timestep    No_Moles    No_Specs  O1296Si648
       3850           1           1           1
#  Timestep    No_Moles    No_Specs  O1296Si648
       3855           1           1           1
#  Timestep    No_Moles    No_Specs  O1296Si648
       3860           1           1           1
#  Timestep    No_Moles    No_Specs  O1296Si648
       3865           1           1           1
#  Timestep    No_Moles    No_Specs  O1296Si648
       3870           1           1           1
#  Timestep    No_Moles    No_Specs  O1296Si648
       3875           1           1           1
#  Timestep    No_Moles    No_Specs  O1296Si648
       3880           1           1           1
#  Timestep    No_Moles    No_Specs  O1296Si648
       3885           1           1           1
#  Timestep    No_Moles    No_Specs  O1296Si648
       3890           1           1           1
#  Timestep    No_Moles    No_Specs  O1296Si648
       3895           1           1           1
#  Timestep    No_Moles    No_Specs  O1296Si648
       3900           1           1           1
#  Timestep    No_Moles    No_Specs  O1296Si648
       3905           1           1           1
#  Timestep    No_Moles    No_Specs  O1296Si648
       3910           1           1           1
#  Timestep    No_Moles    No_Specs  O1296Si648
       3915           1           1           1
#  Timestep    No_Moles    No_Specs  O1296Si648
       3920           1           1           1
#  Timestep    No_Moles    No_Specs  O1296Si648
       3925           1           1           1
#  Timestep    No_Moles    No_Specs  O1296Si648
       3930           1           1           1
#  Timestep    No_Moles    No_Specs  O1296Si648
       3935           1           1           1
#  Timestep    No_Moles    No_Specs  O1296Si648
       3940           1           1           1
#  Timestep    No_Moles    No_Specs  O1296Si648
       3945           1           1           1
#  Timestep    No_Moles    No_Specs  O1296Si648
       3950           1           1           1
#  Timestep    No_Moles    No_Specs  O1296Si648
       3955           1           1           1
#  Timestep    No_Moles    No_Specs  O1296Si648
       3960           1           1           1
#  Timestep    No_Moles    No_Specs  O1296Si648
       3965           1           1           1
#  Timestep    No_Moles    No_Specs  O1296Si648
       3970           1           1           1
#  Timestep    No_Moles    No_Specs  O1296Si648
       3975           1           1           1
#  Timestep    No_Moles    No_Specs  O1296Si648
       3980           1           1           1
#  Timestep    No_Moles    No_Specs  O1296Si648
       3985           1           1           1
#  Timestep    No_Moles    No_Specs  O1296Si648
       3990           1           1           1
#  Timestep    No_Moles    No_Specs  O1296Si648
       3995           1           1           1
#  Timestep    No_Moles    No_Specs  O1296Si648
       4000           1           1           1
#  Timestep    No_Moles    No_Specs  O1296Si648
       4005           1           1           1
#  Timestep    No_Moles    No_Specs  O1296Si648
       4010           1           1           1
#  Timestep    No_Moles    No_Specs  O1296Si648
       4015           1           1           1
#  Timestep    No_Moles    No_Specs  O1296Si648
       4020           1           1           1
#  Timestep    No_Moles    No_Specs  O1296Si648
       4025           1           1           1
#  Timestep    No_Moles    No_Specs  O1296Si648
       4030           1           1           1
#  Timestep    No_Moles    No_Specs  O1296Si648
       4035           1           1           1
#  Timestep    No_Moles    No_Specs  O1296Si648
       4040           1           1           1
#  Timestep    No_Moles    No_Specs  O1296Si648
       4045           1           1           1
#  Timestep    No_Moles    No_Specs  O1296Si648
       4050           1           1           1
#  Timestep    No_Moles    No_Specs  O1296Si648
       4055           1           1           1
#  Timestep    No_Moles    No_Specs  O1296Si648
       4060           1           1           1
#  Timestep    No_Moles    No_Specs  O1296Si648
       4065           1           1           1
#  Timestep    No_Moles    No_Specs  O1296Si648
       4070           1           1           1
#  Timestep    No_Moles    No_Specs  O1296Si648
       4075           1           1           1
#  Timestep    No_Moles    No_Specs  O1296Si648
       4080           1           1           1
#  Timestep    No_Moles    No_Specs  O1296Si648
       4085           1           1           1
#  Timestep    No_Moles    No_Specs  O1296Si648
       4090           1           1           1
#  Timestep    No_Moles    No_Specs  O1296Si648
       4095           1           1           1
#  Timestep    No_Moles    No_Specs  O1296Si648
       4100           1           1           1
#  Timestep    No_Moles    No_Specs  O1296Si648
       4105           1           1           1
#  Timestep    No_Moles    No_Specs  O1296Si648
       4110           1           1           1
#  Timestep    No_Moles    No_Specs  O1296Si648
       4115           1           1           1
#  Timestep    No_Moles    No_Specs  O1296Si648
       4120           1           1           1
#  Timestep    No_Moles    No_Specs  O1296Si648
       4125           1           1           1
#  Timestep    No_Moles    No_Specs  O1296Si648
       4130           1           1           1
#  Timestep    No_Moles    No_Specs  O1296Si648
       4135           1           1           1
#  Timestep    No_Moles    No_Specs  O1296Si648
       4140           1           1           1
#  Timestep    No_Moles    No_Specs  O1296Si648
       4145           1           1           1
#  Timestep    No_Moles    No_Specs  O1296Si648
       4150           1           1           1
#  Timestep    No_Moles    No_Specs  O1296Si648
       4155           1           1           1
#  Timestep    No_Moles    No_Specs  O1296Si648
       4160           1           1           1
#  Timestep    No_Moles    No_Specs  O1296Si648
       4165           1           1           1
#  Timestep    No_Moles    No_Specs  O1296Si648
       4170           1           1           1
#  Timestep    No_Moles    No_Specs  O1296Si648
       4175           1           1           1
#  Timestep    No_Moles    No_Specs  O1296Si648
       4180           1           1           1
#  Timestep    No_Moles    No_Specs  O1296Si648
       4185           1           1           1
#  Timestep    No_Moles    No_Specs  O1296Si648
       4190           1           1           1
#  Timestep    No_Moles    No_Specs  O1296Si648
       4195           1           1           1
#  Timestep    No_Moles    No_Specs  O1296Si648
       4200           1           1           1
#  Timestep    No_Moles    No_Specs  O1296Si648
       4205           1           1           1
#  Timestep    No_Moles    No_Specs  O1296Si648
       4210           1           1           1
#  Timestep    No_Moles    No_Specs  O1296Si648
       4215           1           1           1
#  Timestep    No_Moles    No_Specs  O1296Si648
       4220           1           1           1
#  Timestep    No_Moles    No_Specs  O1296Si648
       4225           1           1           1
#  Timestep    No_Moles    No_Specs  O1296Si648
       4230           1           1           1
#  Timestep    No_Moles    No_Specs  O1296Si648
       4235           1           1           1
#  Timestep    No_Moles    No_Specs  O1296Si648
       4240           1           1           1
#  Timestep    No_Moles    No_Specs  O1296Si648
       4245           1           1           1
#  Timestep    No_Moles    No_Specs  O1296Si648
       4250           1           1           1
#  Timestep    No_Moles    No_Specs  O1296Si648
       4255           1           1           1
#  Timestep    No_Moles    No_Specs  O1296Si648
       4260           1           1           1
#  Timestep    No_Moles    No_Specs  O1296Si648
       4265           1           1           1
#  Timestep    No_Moles    No_Specs  O1296Si648
       4270           1           1           1
#  Timestep    No_Moles    No_Specs  O1296Si648
       4275           1           1           1
#  Timestep    No_Moles    No_Specs  O1296Si648
       4280           1           1           1
#  Timestep    No_Moles    No_Specs  O1296Si648
       4285           1           1           1
#  Timestep    No_Moles    No_Specs  O1296Si648
       4290           1           1           1
#  Timestep    No_Moles    No_Specs  O1296Si648
       4295           1           1           1
#  Timestep    No_Moles    No_Specs  O1296Si648
       4300           1           1           1
#  Timestep    No_Moles    No_Specs  O1296Si648
       4305           1           1           1
#  Timestep    No_Moles    No_Specs  O1296Si648
       4310           1           1           1
#  Timestep    No_Moles    No_Specs  O1296Si648
       4315           1           1           1
#  Timestep    No_Moles    No_Specs  O1296Si648
       4320           1           1           1
#  Timestep    No_Moles    No_Specs  O1296Si648
       4325           1           1           1
#  Timestep    No_Moles    No_Specs  O1296Si648
       4330           1           1           1
#  Timestep    No_Moles    No_Specs  O1296Si648
       4335           1           1           1
#  Timestep    No_Moles    No_Specs  O1296Si648
       4340           1           1           1
#  Timestep    No_Moles    No_Specs  O1296Si648
       4345           1           1           1
#  Timestep    No_Moles    No_Specs  O1296Si648
       4350           1           1           1
#  Timestep    No_Moles    No_Specs  O1296Si648
       4355           1           1           1
#  Timestep    No_Moles    No_Specs  O1296Si648
       4360           1           1           1
#  Timestep    No_Moles    No_Specs  O1296Si648
       4365           1           1           1
#  Timestep    No_Moles    No_Specs  O1296Si648
       4370           1           1           1
#  Timestep    No_Moles    No_Specs  O1296Si648
       4375           1           1           1
#  Timestep    No_Moles    No_Specs  O1296Si648
       4380           1           1           1
#  Timestep    No_Moles    No_Specs  O1296Si648
       4385           1           1           1
#  Timestep    No_Moles    No_Specs  O1296Si648
       4390           1           1           1
#  Timestep    No_Moles    No_Specs  O1296Si648
       4395           1           1           1
#  Timestep    No_Moles    No_Specs  O1296Si648
       4400           1           1           1
#  Timestep    No_Moles    No_Specs  O1296Si648
       4405           1           1           1
#  Timestep    No_Moles    No_Specs  O1296Si648
       4410           1           1           1
#  Timestep    No_Moles    No_Specs  O1296Si648
       4415           1           1           1
#  Timestep    No_Moles    No_Specs  O1296Si648
       4420           1           1           1
#  Timestep    No_Moles    No_Specs  O1296Si648
       4425           1           1           1
#  Timestep    No_Moles    No_Specs  O1296Si648
       4430           1           1           1
#  Timestep    No_Moles    No_Specs  O1296Si648
       4435           1           1           1
#  Timestep    No_Moles    No_Specs  O1296Si648
       4440           1           1           1
#  Timestep    No_Moles    No_Specs  O1296Si648
       4445           1           1           1
#  Timestep    No_Moles    No_Specs  O1296Si648
       4450           1           1           1
#  Timestep    No_Moles    No_Specs  O1296Si648
       4455           1           1           1
#  Timestep    No_Moles    No_Specs  O1296Si648
       4460           1           1           1
#  Timestep    No_Moles    No_Specs  O1296Si648
       4465           1           1           1
#  Timestep    No_Moles    No_Specs  O1296Si648
       4470           1           1           1
#  Timestep    No_Moles    No_Specs  O1296Si648
       4475           1           1           1
#  Timestep    No_Moles    No_Specs  O1296Si648
       4480           1           1           1
#  Timestep    No_Moles    No_Specs  O1296Si648
       4485           1           1           1
#  Timestep    No_Moles    No_Specs  O1296Si648
       4490           1           1           1
#  Timestep    No_Moles    No_Specs  O1296Si648
       4495           1           1           1
#  Timestep    No_Moles    No_Specs  O1296Si648
       4500           1           1           1
#  Timestep    No_Moles    No_Specs  O1296Si648
       4505           1           1           1
#  Timestep    No_Moles    No_Specs  O1296Si648
       4510           1           1           1
#  Timestep    No_Moles    No_Specs  O1296Si648
       4515           1           1           1
#  Timestep    No_Moles    No_Specs  O1296Si648
       4520           1           1           1
#  Timestep    No_Moles    No_Specs  O1296Si648
       4525           1           1           1
#  Timestep    No_Moles    No_Specs  O1296Si648
       4530           1           1           1
#  Timestep    No_Moles    No_Specs  O1296Si648
       4535           1           1           1
#  Timestep    No_Moles    No_Specs  O1296Si648
       4540           1           1           1
#  Timestep    No_Moles    No_Specs  O1296Si648
       4545           1           1           1
#  Timestep    No_Moles    No_Specs  O1296Si648
       4550           1           1           1
#  Timestep    No_Moles    No_Specs  O1296Si648
       4555           1           1           1
#  Timestep    No_Moles    No_Specs  O1296Si648
       4560           1           1           1
#  Timestep    No_Moles    No_Specs  O1296Si648
       4565           1           1           1
#  Timestep    No_Moles    No_Specs  O1296Si648
       4570           1           1           1
#  Timestep    No_Moles    No_Specs  O1296Si648
       4575           1           1           1
#  Timestep    No_Moles    No_Specs  O1296Si648
       4580           1           1           1
#  Timestep    No_Moles    No_Specs  O1296Si648
       4585           1           1           1
#  Timestep    No_Moles    No_Specs  O1296Si648
       4590           1           1           1
#  Timestep    No_Moles    No_Specs  O1296Si648
       4595           1           1           1
#  Timestep    No_Moles    No_Specs  O1296Si648
       4600           1           1           1
#  Timestep    No_Moles    No_Specs  O1296Si648
       4605           1           1           1
#  Timestep    No_Moles    No_Specs  O1296Si648
       4610           1           1           1
#  Timestep    No_Moles    No_Specs  O1296Si648
       4615           1           1           1
#  Timestep    No_Moles    No_Specs  O1296Si648
       4620           1           1           1
#  Timestep    No_Moles    No_Specs  O1296Si648
       4625           1           1           1
#  Timestep    No_Moles    No_Specs  O1296Si648
       4630           1           1           1
#  Timestep    No_Moles    No_Specs  O1296Si648
       4635           1           1           1
#  Timestep    No_Moles    No_Specs  O1296Si648
       4640           1           1           1
#  Timestep    No_Moles    No_Specs  O1296Si648
       4645           1           1           1
#  Timestep    No_Moles    No_Specs  O1296Si648
       4650           1           1           1
#  Timestep    No_Moles    No_Specs  O1296Si648
       4655           1           1           1
#  Timestep    No_Moles    No_Specs  O1296Si648
       4660           1           1           1
#  Timestep    No_Moles    No_Specs  O1296Si648
       4665           1           1           1
#  Timestep    No_Moles    No_Specs  O1296Si648
       4670           1           1           1
#  Timestep    No_Moles    No_Specs  O1296Si648
       4675           1           1           1
#  Timestep    No_Moles    No_Specs  O1296Si648
       4680           1           1           1
#  Timestep    No_Moles    No_Specs  O1296Si648
       4685           1           1           1
#  Timestep    No_Moles    No_Specs  O1296Si648
       4690           1           1           1
#  Timestep    No_Moles    No_Specs  O1296Si648
       4695           1           1           1
#  Timestep    No_Moles    No_Specs  O1296Si648
       4700           1           1           1
#  Timestep    No_Moles    No_Specs  O1296Si648
       4705           1           1           1
#  Timestep    No_Moles    No_Specs  O1296Si648
       4710           1           1           1
#  Timestep    No_Moles    No_Specs  O1296Si648
       4715           1           1           1
#  Timestep    No_Moles    No_Specs  O1296Si648
       4720           1           1           1
#  Timestep    No_Moles    No_Specs  O1296Si648
       4725           1           1           1
#  Timestep    No_Moles    No_Specs  O1296Si648
       4730           1           1           1
#  Timestep    No_Moles    No_Specs  O1296Si648
       4735           1           1           1
#  Timestep    No_Moles    No_Specs  O1296Si648
       4740           1           1           1
#  Timestep    No_Moles    No_Specs  O1296Si648
       4745           1           1           1
#  Timestep    No_Moles    No_Specs  O1296Si648
       4750           1           1           1
#  Timestep    No_Moles    No_Specs  O1296Si648
       4755           1           1           1
#  Timestep    No_Moles    No_Specs  O1296Si648
       4760           1           1           1
#  Timestep    No_Moles    No_Specs  O1296Si648
       4765           1           1           1
#  Timestep    No_Moles    No_Specs  O1296Si648
       4770           1           1           1
#  Timestep    No_Moles    No_Specs  O1296Si648
       4775           1           1           1
#  Timestep    No_Moles    No_Specs  O1296Si648
       4780           1           1           1
#  Timestep    No_Moles    No_Specs  O1296Si648
       4785           1           1           1
#  Timestep    No_Moles    No_Specs  O1296Si648
       4790           1           1           1
#  Timestep    No_Moles    No_Specs  O1296Si648
       4795           1           1           1
#  Timestep    No_Moles    No_Specs  O1296Si648
       4800           1           1           1
#  Timestep    No_Moles    No_Specs  O1296Si648
       4805           1           1           1
#  Timestep    No_Moles    No_Specs  O1296Si648
       4810           1           1           1
#  Timestep    No_Moles    No_Specs  O1296Si648
       4815           1           1           1
#  Timestep    No_Moles    No_Specs  O1296Si648
       4820           1           1           1
#  Timestep    No_Moles    No_Specs  O1296Si648
       4825           1           1           1
#  Timestep    No_Moles    No_Specs  O1296Si648
       4830           1           1           1
#  Timestep    No_Moles    No_Specs  O1296Si648
       4835           1           1           1
#  Timestep    No_Moles    No_Specs  O1296Si648
       4840           1           1           1
#  Timestep    No_Moles    No_Specs  O1296Si648
       4845           1           1           1
#  Timestep    No_Moles    No_Specs  O1296Si648
       4850           1           1           1
#  Timestep    No_Moles    No_Specs  O1296Si648
       4855           1           1           1
#  Timestep    No_Moles    No_Specs  O1296Si648
       4860           1           1           1
#  Timestep    No_Moles    No_Specs  O1296Si648
       4865           1           1           1
#  Timestep    No_Moles    No_Specs  O1296Si648
       4870           1           1           1
#  Timestep    No_Moles    No_Specs  O1296Si648
       4875           1           1           1
#  Timestep    No_Moles    No_Specs  O1296Si648
       4880           1           1           1
#  Timestep    No_Moles    No_Specs  O1296Si648
       4885           1           1           1
#  Timestep    No_Moles    No_Specs  O1296Si648
       4890           1           1           1
#  Timestep    No_Moles    No_Specs  O1296Si648
       4895           1           1           1
#  Timestep    No_Moles    No_Specs  O1296Si648
       4900           1           1           1
#  Timestep    No_Moles    No_Specs  O1296Si648
       4905           1           1           1
#  Timestep    No_Moles    No_Specs  O1296Si648
       4910           1           1           1
#  Timestep    No_Moles    No_Specs  O1296Si648
       4915           1           1           1
#  Timestep    No_Moles    No_Specs  O1296Si648
       4920           1           1           1
#  Timestep    No_Moles    No_Specs  O1296Si648
       4925           1           1           1
#  Timestep    No_Moles    No_Specs  O1296Si648
       4930           1           1           1
#  Timestep    No_Moles    No_Specs  O1296Si648
       4935           1           1           1
#  Timestep    No_Moles    No_Specs  O1296Si648
       4940           1           1           1
#  Timestep    No_Moles    No_Specs  O1296Si648
       4945           1           1           1
#  Timestep    No_Moles    No_Specs  O1296Si648
       4950           1           1           1
#  Timestep    No_Moles    No_Specs  O1296Si648
       4955           1           1           1
#  Timestep    No_Moles    No_Specs  O1296Si648
       4960           1           1           1
#  Timestep    No_Moles    No_Specs  O1296Si648
       4965           1           1           1
#  Timestep    No_Moles    No_Specs  O1296Si648
       4970           1           1           1
#  Timestep    No_Moles    No_Specs  O1296Si648
       4975           1           1           1
#  Timestep    No_Moles    No_Specs  O1296Si648
       4980           1           1           1
#  Timestep    No_Moles    No_Specs  O1296Si648
       4985           1           1           1
#  Timestep    No_Moles    No_Specs  O1296Si648
       4990           1           1           1
#  Timestep    No_Moles    No_Specs  O1296Si648
       4995           1           1           1
#  Timestep    No_Moles    No_Specs  O1296Si648
       5000           1           1           1
